<?xml version="1.0" encoding="UTF-8"?>
<!-- Generated by org.testng.reporters.JUnitReportReporter -->
<testsuite hostname="DESKTOP-U7APJPA" failures="0" tests="3" name="com.bs.project.translator.OpinionTests" time="21.677" errors="0" timestamp="2025-07-25T15:40:24 IST" skipped="0">
  <testcase classname="com.bs.project.translator.OpinionTests" name="retrieveTitles" time="15.309"/>
  <system-out/>
  <testcase classname="com.bs.project.translator.OpinionTests" name="convertTitlesIntoEnglish" time="6.363"/>
  <system-out/>
  <testcase classname="com.bs.project.translator.OpinionTests" name="countWords" time="0.005"/>
  <system-out/>
</testsuite> <!-- com.bs.project.translator.OpinionTests -->
